\BOOKMARK [0][-]{chapter*.1}{\376\377\000P\000r\000e\000f\000a\000c\000e}{}% 1
\BOOKMARK [0][-]{chapter*.2}{\376\377\000A\000c\000k\000n\000o\000w\000l\000e\000d\000g\000m\000e\000n\000t\000s}{}% 2
\BOOKMARK [0][-]{chapter.1}{\376\377\0001\000\040\000I\000n\000t\000r\000o\000d\000u\000c\000t\000i\000o\000n}{}% 3
\BOOKMARK [0][-]{chapter.2}{\376\377\0002\000\040\000T\000h\000e\000o\000r\000e\000t\000i\000c\000a\000l\000\040\000m\000o\000t\000i\000v\000a\000t\000i\000o\000n}{}% 4
\BOOKMARK [1][-]{section.2.1}{\376\377\0002\000.\0001\000\040\000T\000h\000e\000\040\000S\000t\000a\000n\000d\000a\000r\000d\000\040\000M\000o\000d\000e\000l}{chapter.2}% 5
\BOOKMARK [1][-]{section.2.2}{\376\377\0002\000.\0002\000\040\000T\000h\000e\000\040\000H\000i\000g\000g\000s\000\040\000m\000e\000c\000h\000a\000n\000i\000s\000m}{chapter.2}% 6
\BOOKMARK [1][-]{section.2.3}{\376\377\0002\000.\0003\000\040\000E\000v\000e\000n\000t\000s\000\040\000i\000n\000\040\000A\000T\000L\000A\000S\000?}{chapter.2}% 7
\BOOKMARK [1][-]{section.2.4}{\376\377\0002\000.\0004\000\040\000E\000f\000f\000e\000c\000t\000i\000v\000e\000\040\000F\000i\000e\000l\000d\000\040\000T\000h\000e\000o\000r\000i\000e\000s\000\040\000t\000o\000\040\000s\000e\000a\000r\000c\000h\000\040\000f\000o\000r\000\040\000n\000e\000w\000\040\000p\000h\000y\000s\000i\000c\000s}{chapter.2}% 8
\BOOKMARK [1][-]{section.2.5}{\376\377\0002\000.\0005\000\040\000S\000t\000a\000t\000u\000s\000\040\000o\000f\000\040\000t\000h\000e\000\040\000e\000x\000p\000e\000r\000i\000m\000e\000n\000t\000a\000l\000\040\000H\000H\000\040\000r\000e\000s\000u\000l\000t\000s}{chapter.2}% 9
\BOOKMARK [0][-]{chapter.3}{\376\377\0003\000\040\000T\000h\000e\000\040\000L\000a\000r\000g\000e\000\040\000H\000a\000d\000r\000o\000n\000\040\000C\000o\000l\000l\000i\000d\000e\000r}{}% 10
\BOOKMARK [0][-]{chapter.4}{\376\377\0004\000\040\000T\000h\000e\000\040\000A\000T\000L\000A\000S\000\040\000d\000e\000t\000e\000c\000t\000o\000r}{}% 11
\BOOKMARK [1][-]{section.4.1}{\376\377\0004\000.\0001\000\040\000O\000v\000e\000r\000v\000i\000e\000w}{chapter.4}% 12
\BOOKMARK [2][-]{subsection.4.1.1}{\376\377\0004\000.\0001\000.\0001\000\040\000A\000T\000L\000A\000S\000\040\000C\000o\000o\000r\000d\000i\000n\000a\000t\000e\000\040\000S\000y\000s\000t\000e\000m}{section.4.1}% 13
\BOOKMARK [1][-]{section.4.2}{\376\377\0004\000.\0002\000\040\000T\000r\000a\000c\000k\000e\000r}{chapter.4}% 14
\BOOKMARK [2][-]{subsection.4.2.1}{\376\377\0004\000.\0002\000.\0001\000\040\000I\000n\000n\000e\000r\000\040\000D\000e\000t\000e\000c\000t\000o\000r}{section.4.2}% 15
\BOOKMARK [1][-]{section.4.3}{\376\377\0004\000.\0003\000\040\000C\000a\000l\000o\000r\000i\000m\000e\000t\000e\000r}{chapter.4}% 16
\BOOKMARK [2][-]{subsection.4.3.1}{\376\377\0004\000.\0003\000.\0001\000\040\000E\000C\000A\000L}{section.4.3}% 17
\BOOKMARK [2][-]{subsection.4.3.2}{\376\377\0004\000.\0003\000.\0002\000\040\000H\000C\000A\000L}{section.4.3}% 18
\BOOKMARK [1][-]{section.4.4}{\376\377\0004\000.\0004\000\040\000M\000u\000o\000n\000\040\000s\000y\000s\000t\000e\000m}{chapter.4}% 19
\BOOKMARK [2][-]{subsection.4.4.1}{\376\377\0004\000.\0004\000.\0001\000\040\000M\000u\000o\000n\000\040\000S\000p\000e\000c\000t\000r\000o\000m\000e\000t\000e\000r}{section.4.4}% 20
\BOOKMARK [2][-]{subsection.4.4.2}{\376\377\0004\000.\0004\000.\0002\000\040\000C\000a\000t\000h\000o\000d\000e\000\040\000S\000t\000r\000i\000p\000\040\000C\000h\000a\000m\000b\000e\000r\000s}{section.4.4}% 21
\BOOKMARK [1][-]{section.4.5}{\376\377\0004\000.\0005\000\040\000T\000r\000i\000g\000g\000e\000r\000\040\000s\000y\000s\000t\000e\000m}{chapter.4}% 22
\BOOKMARK [0][-]{chapter.5}{\376\377\0005\000\040\000E\000v\000e\000n\000t\000\040\000R\000e\000c\000o\000n\000s\000t\000r\000u\000c\000t\000i\000o\000n}{}% 23
\BOOKMARK [1][-]{section.5.1}{\376\377\0005\000.\0001\000\040\000T\000r\000a\000c\000k\000s}{chapter.5}% 24
\BOOKMARK [2][-]{subsection.5.1.1}{\376\377\0005\000.\0001\000.\0001\000\040\000T\000r\000a\000c\000k\000\040\000r\000e\000c\000o\000n\000s\000t\000r\000u\000c\000t\000i\000o\000n}{section.5.1}% 25
\BOOKMARK [2][-]{subsection.5.1.2}{\376\377\0005\000.\0001\000.\0002\000\040\000C\000h\000a\000l\000l\000e\000n\000g\000e\000s\000\040\000i\000n\000\040\000D\000e\000n\000s\000e\000\040\000E\000n\000v\000i\000r\000o\000n\000m\000e\000n\000t\000s}{section.5.1}% 26
\BOOKMARK [2][-]{subsection.5.1.3}{\376\377\0005\000.\0001\000.\0003\000\040\000D\000i\000s\000c\000u\000s\000s\000i\000o\000n\000\040\000o\000f\000\040\000i\000n\000p\000u\000t\000s}{section.5.1}% 27
\BOOKMARK [2][-]{subsection.5.1.4}{\376\377\0005\000.\0001\000.\0004\000\040\000T\000h\000e\000\040\000p\000e\000r\000i\000g\000e\000e\000\040\000p\000a\000r\000a\000m\000e\000t\000e\000r\000s}{section.5.1}% 28
\BOOKMARK [1][-]{section.5.2}{\376\377\0005\000.\0002\000\040\000V\000e\000r\000t\000e\000x\000i\000n\000g}{chapter.5}% 29
\BOOKMARK [2][-]{subsection.5.2.1}{\376\377\0005\000.\0002\000.\0001\000\040\000G\000e\000n\000e\000r\000a\000l\000\040\000p\000r\000o\000b\000l\000e\000m\000\040\000f\000o\000r\000m\000u\000l\000a\000t\000i\000o\000n}{section.5.2}% 30
\BOOKMARK [2][-]{subsection.5.2.2}{\376\377\0005\000.\0002\000.\0002\000\040\000P\000r\000i\000m\000a\000r\000y\000\040\000v\000e\000r\000t\000e\000x\000\040\000r\000e\000c\000o\000n\000s\000t\000r\000u\000c\000t\000i\000o\000n}{section.5.2}% 31
\BOOKMARK [1][-]{section.5.3}{\376\377\0005\000.\0003\000\040\000J\000e\000t\000s}{chapter.5}% 32
\BOOKMARK [2][-]{subsection.5.3.1}{\376\377\0005\000.\0003\000.\0001\000\040\000J\000e\000t\000\040\000c\000l\000u\000s\000t\000e\000r\000i\000n\000g\000\040\000a\000l\000g\000o\000r\000i\000t\000h\000m\000s}{section.5.3}% 33
\BOOKMARK [2][-]{subsection.5.3.2}{\376\377\0005\000.\0003\000.\0002\000\040\000P\000F\000l\000o\000w}{section.5.3}% 34
\BOOKMARK [2][-]{subsection.5.3.3}{\376\377\0005\000.\0003\000.\0003\000\040\000B\000o\000o\000s\000t\000e\000d\000\040\000j\000e\000t\000s}{section.5.3}% 35
\BOOKMARK [2][-]{subsection.5.3.4}{\376\377\0005\000.\0003\000.\0004\000\040\000V\000R\000\040\000t\000r\000a\000c\000k\000\040\000j\000e\000t\000s}{section.5.3}% 36
\BOOKMARK [1][-]{section.5.4}{\376\377\0005\000.\0004\000\040\000M\000u\000o\000n\000s}{chapter.5}% 37
\BOOKMARK [0][-]{chapter.6}{\376\377\0006\000\040\000b\000-\000t\000a\000g\000g\000i\000n\000g}{}% 38
\BOOKMARK [1][-]{section.6.1}{\376\377\0006\000.\0001\000\040\000I\000n\000t\000r\000o\000d\000u\000c\000t\000i\000o\000n}{chapter.6}% 39
\BOOKMARK [1][-]{section.6.2}{\376\377\0006\000.\0002\000\040\000D\000a\000t\000a\000s\000e\000t\000s}{chapter.6}% 40
\BOOKMARK [1][-]{section.6.3}{\376\377\0006\000.\0003\000\040\000L\000o\000w\000\040\000l\000e\000v\000e\000l\000\040\000t\000a\000g\000g\000e\000r\000s}{chapter.6}% 41
\BOOKMARK [2][-]{subsection.6.3.1}{\376\377\0006\000.\0003\000.\0001\000\040\000I\000P\0002\000D\000\040\000a\000n\000d\000\040\000I\000P\0003\000D}{section.6.3}% 42
\BOOKMARK [2][-]{subsection.6.3.2}{\376\377\0006\000.\0003\000.\0002\000\040\000R\000N\000N\000I\000P}{section.6.3}% 43
\BOOKMARK [2][-]{subsection.6.3.3}{\376\377\0006\000.\0003\000.\0003\000\040\000S\000V\0001}{section.6.3}% 44
\BOOKMARK [2][-]{subsection.6.3.4}{\376\377\0006\000.\0003\000.\0004\000\040\000J\000e\000t\000F\000i\000t\000t\000e\000r}{section.6.3}% 45
\BOOKMARK [1][-]{section.6.4}{\376\377\0006\000.\0004\000\040\000R\000e\000c\000o\000m\000m\000e\000n\000d\000a\000t\000i\000o\000n\000s\000\040\000f\000o\000r\000\040\000R\000u\000n\000\040\0002\000\040\000b\000-\000t\000a\000g\000g\000e\000r\000s}{chapter.6}% 46
\BOOKMARK [2][-]{subsection.6.4.1}{\376\377\0006\000.\0004\000.\0001\000\040\000H\000i\000g\000h\000\040\000l\000e\000v\000e\000l\000\040\000t\000a\000g\000g\000e\000r\000s\000:\000\040\000D\000L\0001\000\040\000s\000e\000r\000i\000e\000s}{section.6.4}% 47
\BOOKMARK [2][-]{subsection.6.4.2}{\376\377\0006\000.\0004\000.\0002\000\040\000E\000v\000a\000l\000u\000a\000t\000i\000n\000g\000\040\000t\000a\000g\000g\000e\000r\000\040\000p\000e\000r\000f\000o\000r\000m\000a\000n\000c\000e}{section.6.4}% 48
\BOOKMARK [2][-]{subsection.6.4.3}{\376\377\0006\000.\0004\000.\0003\000\040\000P\000F\000l\000o\000w\000\040\000o\000p\000t\000i\000m\000i\000z\000a\000t\000i\000o\000n}{section.6.4}% 49
\BOOKMARK [2][-]{subsection.6.4.4}{\376\377\0006\000.\0004\000.\0004\000\040\000V\000R\000\040\000t\000r\000a\000c\000k\000\040\000j\000e\000t\000s\000\040\000o\000p\000t\000i\000m\000i\000z\000a\000t\000i\000o\000n}{section.6.4}% 50
\BOOKMARK [2][-]{subsection.6.4.5}{\376\377\0006\000.\0004\000.\0005\000\040\000I\000m\000p\000a\000c\000t\000\040\000o\000f\000\040\000F\000T\000A\000G\000\040\000i\000m\000p\000r\000o\000v\000e\000m\000e\000n\000t\000s\000\040\000o\000n\000\040\000a\000n\000a\000l\000y\000s\000e\000s}{section.6.4}% 51
\BOOKMARK [1][-]{section.6.5}{\376\377\0006\000.\0005\000\040\000R\000N\000N\000I\000P\000\040\000c\000a\000l\000i\000b\000r\000a\000t\000a\000b\000i\000l\000i\000t\000y}{chapter.6}% 52
\BOOKMARK [2][-]{subsection.6.5.1}{\376\377\0006\000.\0005\000.\0001\000\040\000C\000a\000l\000i\000b\000r\000a\000t\000i\000o\000n\000\040\000r\000e\000s\000u\000l\000t\000s}{section.6.5}% 53
\BOOKMARK [2][-]{subsection.6.5.2}{\376\377\0006\000.\0005\000.\0002\000\040\000D\000e\000s\000i\000d\000e\000r\000a\000t\000a\000\040\000f\000o\000r\000\040\000a\000\040\000f\000l\000i\000p\000p\000e\000d\000\040\000t\000a\000g\000g\000e\000r}{section.6.5}% 54
\BOOKMARK [1][-]{section.6.6}{\376\377\0006\000.\0006\000\040\000T\000a\000g\000g\000e\000r\000\040\000R\000\046\000D\000:\000\040\000D\000I\000P\000S}{chapter.6}% 55
\BOOKMARK [2][-]{subsection.6.6.1}{\376\377\0006\000.\0006\000.\0001\000\040\000A\000l\000g\000o\000r\000i\000t\000h\000m\000\040\000o\000v\000e\000r\000v\000i\000e\000w}{section.6.6}% 56
\BOOKMARK [2][-]{subsection.6.6.2}{\376\377\0006\000.\0006\000.\0002\000\040\000I\000m\000p\000l\000e\000m\000e\000n\000t\000a\000t\000i\000o\000n\000\040\000d\000e\000t\000a\000i\000l\000s}{section.6.6}% 57
\BOOKMARK [2][-]{subsection.6.6.3}{\376\377\0006\000.\0006\000.\0003\000\040\000P\000e\000r\000f\000o\000r\000m\000a\000n\000c\000e}{section.6.6}% 58
\BOOKMARK [2][-]{subsection.6.6.4}{\376\377\0006\000.\0006\000.\0004\000\040\000B\000a\000s\000e\000l\000i\000n\000e\000\040\000P\000e\000r\000f\000o\000r\000m\000a\000n\000c\000e}{section.6.6}% 59
\BOOKMARK [2][-]{subsection.6.6.5}{\376\377\0006\000.\0006\000.\0005\000\040\000T\000i\000m\000e\000\040\000c\000o\000m\000p\000a\000r\000i\000s\000o\000n}{section.6.6}% 60
\BOOKMARK [2][-]{subsection.6.6.6}{\376\377\0006\000.\0006\000.\0006\000\040\000C\000a\000l\000i\000b\000r\000a\000t\000a\000b\000i\000l\000i\000t\000y}{section.6.6}% 61
\BOOKMARK [2][-]{subsection.6.6.7}{\376\377\0006\000.\0006\000.\0007\000\040\000T\000r\000a\000c\000k\000\040\000S\000e\000l\000e\000c\000t\000i\000o\000n\000\040\000O\000p\000t\000i\000m\000i\000s\000a\000t\000i\000o\000n}{section.6.6}% 62
\BOOKMARK [2][-]{subsection.6.6.8}{\376\377\0006\000.\0006\000.\0008\000\040\000O\000p\000t\000i\000m\000i\000s\000e\000d\000\040\000D\000I\000P\000S\000\040\000P\000e\000r\000f\000o\000r\000m\000a\000n\000c\000e}{section.6.6}% 63
\BOOKMARK [0][-]{chapter.7}{\376\377\0007\000\040\000S\000t\000a\000t\000i\000s\000t\000i\000c\000a\000l\000\040\000t\000e\000c\000h\000n\000i\000q\000u\000e\000s}{}% 64
\BOOKMARK [1][-]{section.7.1}{\376\377\0007\000.\0001\000\040\000H\000y\000p\000o\000t\000h\000e\000s\000i\000s\000\040\000t\000e\000s\000t\000i\000n\000g\000:\000\040\000a\000\040\000q\000u\000a\000l\000i\000t\000i\000a\000t\000i\000v\000e\000\040\000i\000n\000t\000r\000o\000d\000u\000c\000t\000i\000o\000n}{chapter.7}% 65
\BOOKMARK [1][-]{section.7.2}{\376\377\0007\000.\0002\000\040\000T\000h\000e\000\040\000l\000i\000k\000e\000l\000i\000h\000o\000o\000d}{chapter.7}% 66
\BOOKMARK [1][-]{section.7.3}{\376\377\0007\000.\0003\000\040\000T\000e\000s\000t\000\040\000s\000t\000a\000t\000i\000s\000t\000i\000c}{chapter.7}% 67
\BOOKMARK [2][-]{subsection.7.3.1}{\376\377\0007\000.\0003\000.\0001\000\040\000A\000s\000y\000m\000p\000t\000o\000t\000i\000c\000\040\000a\000p\000p\000r\000o\000x\000i\000m\000a\000t\000i\000o\000n}{section.7.3}% 68
\BOOKMARK [2][-]{subsection.7.3.2}{\376\377\0007\000.\0003\000.\0002\000\040\000T\000y\000p\000e\000s\000\040\000o\000f\000\040\000N\000u\000i\000s\000a\000n\000c\000e\000\040\000p\000a\000r\000a\000m\000e\000t\000e\000r\000s\000\040\000t\000h\000a\000t\000\040\000w\000e\000\040\000u\000s\000e}{section.7.3}% 69
\BOOKMARK [1][-]{section.7.4}{\376\377\0007\000.\0004\000\040}{chapter.7}% 70
\BOOKMARK [0][-]{chapter.8}{\376\377\0008\000\040\000H\000H\000\040\000P\000h\000y\000s\000i\000c\000s\000\040\000o\000v\000e\000r\000v\000i\000e\000w}{}% 71
\BOOKMARK [1][-]{section.8.1}{\376\377\0008\000.\0001\000\040\000H\000H\000\040\000s\000i\000g\000n\000a\000t\000u\000r\000e\000s}{chapter.8}% 72
\BOOKMARK [1][-]{section.8.2}{\376\377\0008\000.\0002\000\040\000D\000a\000t\000a\000s\000e\000t\000s\000\040\000a\000n\000d\000\040\000s\000i\000g\000n\000a\000l\000\040\000p\000a\000r\000a\000m\000e\000t\000r\000i\000z\000a\000t\000i\000o\000n}{chapter.8}% 73
\BOOKMARK [2][-]{subsection.8.2.1}{\376\377\0008\000.\0002\000.\0001\000\040\000g\000g\000F\000:\000\040\000h\000i\000s\000t\000o\000g\000r\000a\000m\000\040\000b\000a\000s\000e\000d\000\040\000r\000e\000w\000e\000i\000g\000h\000t\000i\000n\000g}{section.8.2}% 74
\BOOKMARK [2][-]{subsection.8.2.2}{\376\377\0008\000.\0002\000.\0002\000\040\000V\000B\000F\000:\000\040\000e\000v\000e\000n\000t\000\040\000l\000e\000v\000e\000l\000\040\000r\000e\000w\000e\000i\000g\000h\000t\000i\000n\000g}{section.8.2}% 75
\BOOKMARK [2][-]{subsection.8.2.3}{\376\377\0008\000.\0002\000.\0003\000\040\000E\000F\000T\000s}{section.8.2}% 76
\BOOKMARK [1][-]{section.8.3}{\376\377\0008\000.\0003\000\040\000A\000n\000a\000l\000y\000s\000i\000s\000\040\000o\000p\000t\000i\000m\000i\000z\000a\000t\000i\000o\000n\000\040\000s\000t\000r\000a\000t\000e\000g\000y}{chapter.8}% 77
\BOOKMARK [0][-]{chapter.9}{\376\377\0009\000\040\000A\000n\000a\000l\000y\000s\000i\000s\000\040\000s\000e\000l\000e\000c\000t\000i\000o\000n}{}% 78
\BOOKMARK [1][-]{section.9.1}{\376\377\0009\000.\0001\000\040\000T\000r\000i\000g\000g\000e\000r\000s}{chapter.9}% 79
\BOOKMARK [2][-]{subsection.9.1.1}{\376\377\0009\000.\0001\000.\0001\000\040\000T\000r\000i\000g\000g\000e\000r\000\040\000b\000u\000c\000k\000e\000t\000s}{section.9.1}% 80
\BOOKMARK [2][-]{subsection.9.1.2}{\376\377\0009\000.\0001\000.\0002\000\040\000b\000-\000j\000e\000t\000\040\000S\000F}{section.9.1}% 81
\BOOKMARK [2][-]{subsection.9.1.3}{\376\377\0009\000.\0001\000.\0003\000\040\000K\000i\000n\000e\000m\000a\000t\000i\000c\000\040\000S\000F}{section.9.1}% 82
\BOOKMARK [1][-]{section.9.2}{\376\377\0009\000.\0002\000\040\000M\000u\000o\000n\000-\000i\000n\000-\000j\000e\000t\000\040\000+\000\040\000p\000t\000\040\000r\000e\000c\000o}{chapter.9}% 83
\BOOKMARK [2][-]{subsection.9.2.1}{\376\377\0009\000.\0002\000.\0001\000\040\000J\000e\000t\000s}{section.9.2}% 84
\BOOKMARK [2][-]{subsection.9.2.2}{\376\377\0009\000.\0002\000.\0002\000\040\000b\000-\0003\000m\000u\000\040\000-\0001\000m\000u\000\040\000-\000t\000a\000g\000g\000i\000n\000g}{section.9.2}% 85
\BOOKMARK [2][-]{subsection.9.2.3}{\376\377\0009\000.\0002\000.\0003\000\040\000b\000-\0003\000m\000u\000\040\000-\0001\000m\000u\000\040\000-\000j\000e\000t\000\040\000c\000o\000r\000r\000e\000c\000t\000i\000o\000n\000s}{section.9.2}% 86
\BOOKMARK [1][-]{section.9.3}{\376\377\0009\000.\0003\000\040\000E\000v\000e\000n\000t\000\040\000s\000e\000l\000e\000c\000t\000i\000o\000n}{chapter.9}% 87
\BOOKMARK [2][-]{subsection.9.3.1}{\376\377\0009\000.\0003\000.\0001\000\040\000O\000b\000j\000e\000c\000t\000\040\000S\000e\000l\000e\000c\000t\000i\000o\000n}{section.9.3}% 88
\BOOKMARK [2][-]{subsection.9.3.2}{\376\377\0009\000.\0003\000.\0002\000\040\000B\000a\000c\000k\000g\000r\000o\000u\000n\000d\000\040\000R\000e\000d\000u\000c\000t\000i\000o\000n\000\040\000a\000n\000d\000\040\000t\000-\0003\000m\000u\000\040\000-\0001\000m\000u\000\040\0000\000m\000u\000-\0000\000m\000u\000t\000-\0002\000m\000u\000\040\0000\000m\000u\000\040\000\040\000V\000e\000t\000o}{section.9.3}% 89
\BOOKMARK [2][-]{subsection.9.3.3}{\376\377\0009\000.\0003\000.\0003\000\040\000K\000i\000n\000e\000m\000a\000t\000i\000c\000\040\000R\000e\000g\000i\000o\000n\000\0