This is pdfTeX, Version 3.141592653-2.6-1.40.22 (TeX Live 2021) (preloaded format=pdflatex 2021.7.23)  8 JUL 2022 00:19
entering extended mode
 restricted \write18 enabled.
 file:line:error style messages enabled.
 %&-line parsing enabled.
**main.tex
(./main.tex
LaTeX2e <2020-10-01> patch level 4
L3 programming layer <2021-02-18>
(/usr/local/texlive/2021/texmf-dist/tex/latex/base/report.cls
Document Class: report 2020/04/10 v1.4m Standard LaTeX document class
(/usr/local/texlive/2021/texmf-dist/tex/latex/base/size10.clo
File: size10.clo 2020/04/10 v1.4m Standard LaTeX file (size option)
)
\c@part=\count179
\c@chapter=\count180
\c@section=\count181
\c@subsection=\count182
\c@subsubsection=\count183
\c@paragraph=\count184
\c@subparagraph=\count185
\c@figure=\count186
\c@table=\count187
\abovecaptionskip=\skip47
\belowcaptionskip=\skip48
\bibindent=\dimen138
)
(./suthesis-2e.sty
Package: suthesis-2e 2014/05/26

Note that this tries to fulfill the Stanford Thesis requirements but it is unof
ficial
(/usr/local/texlive/2021/texmf-dist/tex/latex/setspace/setspace.sty
Package: setspace 2011/12/19 v6.7a set line spacing
)
\signaturespace=\skip49
)
(/usr/local/texlive/2021/texmf-dist/tex/latex/l3backend/l3backend-pdftex.def
File: l3backend-pdftex.def 2021-03-18 L3 backend support: PDF output (pdfTeX)
\l__color_backend_stack_int=\count188
\l__pdf_internal_box=\box47
)
(./main.aux)
\openout1 = `main.aux'.

LaTeX Font Info:    Checking defaults for OML/cmm/m/it on input line 13.
LaTeX Font Info:    ... okay on input line 13.
LaTeX Font Info:    Checking defaults for OMS/cmsy/m/n on input line 13.
LaTeX Font Info:    ... okay on input line 13.
LaTeX Font Info:    Checking defaults for OT1/cmr/m/n on input line 13.
LaTeX Font Info:    ... okay on input line 13.
LaTeX Font Info:    Checking defaults for T1/cmr/m/n on input line 13.
LaTeX Font Info:    ... okay on input line 13.
LaTeX Font Info:    Checking defaults for TS1/cmr/m/n on input line 13.
LaTeX Font Info:    ... okay on input line 13.
LaTeX Font Info:    Checking defaults for OMX/cmex/m/n on input line 13.
LaTeX Font Info:    ... okay on input line 13.
LaTeX Font Info:    Checking defaults for U/cmr/m/n on input line 13.
LaTeX Font Info:    ... okay on input line 13.
 [1

{/usr/local/texlive/2021/texmf-var/fonts/map/pdftex/updmap/pdftex.map}] [2]
LaTeX Font Info:    External font `cmex10' loaded for size
(Font)              <7> on input line 22.
LaTeX Font Info:    External font `cmex10' loaded for size
(Font)              <5> on input line 22.
 [3] [4


] [5

] (./main.toc [6

])
\tf@toc=\write3
\openout3 = `main.toc'.

 [7] (./main.lot)
\tf@lot=\write4
\openout4 = `main.lot'.

 [8

] (./main.lof)
\tf@lof=\write5
\openout5 = `main.lof'.


[9

] (./chapters/intro.tex
Chapter 1.
) (./chapters/theory.tex [1


]
Chapter 2.
) [2

]
Chapter 3.
[3

]
Chapter 4.
[4

]
Chapter 5.
(./chapters/ftag.tex [5

]
Chapter 6.
(./chapters/ftag-subsecs/low-level.tex) (./chapters/ftag-subsecs/rnnip.tex)
(./chapters/ftag-subsecs/retraining-campaign.tex)
(./chapters/ftag-subsecs/rnnip-calibration.tex)
(./chapters/ftag-subsecs/dips.tex)) [6

]
Overfull \vbox (19.21034pt too high) has occurred while \output is active []


[7]
Chapter 7.
[8

]
Chapter 8.
[9

]
Chapter 9.
[10

]
Chapter 10.
[11

]
Chapter 11.
[12

]
Chapter 12.
[13

]
Appendix A.
[14

]
Appendix B.
[15

]
Appendix C.
[16

]
Appendix D.
LaTeX Font Info:    External font `cmex10' loaded for size
(Font)              <24.88> on input line 49.
LaTeX Font Info:    External font `cmex10' loaded for size
(Font)              <20.74> on input line 49.
LaTeX Font Info:    External font `cmex10' loaded for size
(Font)              <17.28> on input line 49.
No file main.bbl.
[17

] (./main.aux) ) 
Here is how much of TeX's memory you used:
 617 strings out of 478994
 10325 string characters out of 5858184
 298612 words of memory out of 5000000
 18132 multiletter control sequences out of 15000+600000
 409676 words of font info for 47 fonts, out of 8000000 for 9000
 1141 hyphenation exceptions out of 8191
 53i,8n,60p,189b,226s stack positions out of 5000i,500n,10000p,200000b,80000s
{/usr/local/texlive/2021/texmf-dist/fonts/enc/dvips/cm-super/cm
-super-ts1.enc}</usr/local/texlive/2021/texmf-dist/fonts/type1/public/amsfonts/
cm/cmbx10.pfb></usr/local/texlive/2021/texmf-dist/fonts/type1/public/amsfonts/c
m/cmbx12.pfb></usr/local/texlive/2021/texmf-dist/fonts/type1/public/amsfonts/cm
/cmr10.pfb></usr/local/texlive/2021/texmf-dist/fonts/type1/public/amsfonts/cm/c
mr12.pfb></usr/local/texlive/2021/texmf-dist/fonts/type1/public/amsfonts/cm/cms
l10.pfb></usr/local/texlive/2021/texmf-dist/fonts/type1/public/amsfonts/cm/cmsy
10.pfb></usr/local/texlive/2021/texmf-dist/fonts/type1/public/amsfonts/cm/cmti1
2.pfb></usr/local/texlive/2021/texmf-dist/fonts/type1/public/cm-super/sfrm1000.
pfb></usr/local/texlive/2021/texmf-dist/fonts/type1/public/cm-super/sfrm1200.pf
b>
Output written on main.pdf (26 pages, 118478 bytes).
PDF statistics:
 125 PDF objects out of 1000 (max. 8388607)
 87 compressed objects within 1 object stream
 0 named destinations out of 1000 (max. 500000)
 1 words of extra memory for PDF output out of 10000 (max. 10000000)

